D, [2021-05-21T13:10:16.965783 #27819] DEBUG -- :   [1m[35m (0.3ms)[0m  [1m[35mSET  @@SESSION.sql_mode = CONCAT(CONCAT(@@sql_mode, ',STRICT_ALL_TABLES'), ',NO_AUTO_VALUE_ON_ZERO'),  @@SESSION.sql_auto_is_null = 0, @@SESSION.wait_timeout = 2147483[0m
D, [2021-05-21T13:11:24.078743 #27837] DEBUG -- :   [1m[35m (0.3ms)[0m  [1m[35mSET  @@SESSION.sql_mode = CONCAT(CONCAT(@@sql_mode, ',STRICT_ALL_TABLES'), ',NO_AUTO_VALUE_ON_ZERO'),  @@SESSION.sql_auto_is_null = 0, @@SESSION.wait_timeout = 2147483[0m
D, [2021-05-21T13:11:24.224286 #27837] DEBUG -- :   [1m[35m (0.2ms)[0m  [1m[35mSET  @@SESSION.sql_mode = CONCAT(CONCAT(@@sql_mode, ',STRICT_ALL_TABLES'), ',NO_AUTO_VALUE_ON_ZERO'),  @@SESSION.sql_auto_is_null = 0, @@SESSION.wait_timeout = 2147483[0m
D, [2021-05-21T13:11:24.239624 #27837] DEBUG -- :   [1m[36mActiveRecord::InternalMetadata Load (0.7ms)[0m  [1m[34mSELECT `ar_internal_metadata`.* FROM `ar_internal_metadata` WHERE `ar_internal_metadata`.`key` = 'environment' LIMIT 1[0m
D, [2021-05-21T13:11:24.245974 #27837] DEBUG -- :   [1m[35m (0.1ms)[0m  [1m[35mBEGIN[0m
D, [2021-05-21T13:11:24.246283 #27837] DEBUG -- :   [1m[36mActiveRecord::InternalMetadata Create (0.2ms)[0m  [1m[32mINSERT INTO `ar_internal_metadata` (`key`, `value`, `created_at`, `updated_at`) VALUES ('environment', 'production', '2021-05-21 20:11:24.245288', '2021-05-21 20:11:24.245288')[0m
D, [2021-05-21T13:11:24.247082 #27837] DEBUG -- :   [1m[35m (0.6ms)[0m  [1m[35mCOMMIT[0m
D, [2021-05-21T13:11:24.247784 #27837] DEBUG -- :   [1m[36mActiveRecord::InternalMetadata Load (0.2ms)[0m  [1m[34mSELECT `ar_internal_metadata`.* FROM `ar_internal_metadata` WHERE `ar_internal_metadata`.`key` = 'schema_sha1' LIMIT 1[0m
D, [2021-05-21T13:11:24.248403 #27837] DEBUG -- :   [1m[35m (0.1ms)[0m  [1m[35mBEGIN[0m
D, [2021-05-21T13:11:24.248722 #27837] DEBUG -- :   [1m[36mActiveRecord::InternalMetadata Create (0.2ms)[0m  [1m[32mINSERT INTO `ar_internal_metadata` (`key`, `value`, `created_at`, `updated_at`) VALUES ('schema_sha1', '43bb39cacaf8a3f3d840afd36ba062bb07e74f64', '2021-05-21 20:11:24.248059', '2021-05-21 20:11:24.248059')[0m
D, [2021-05-21T13:11:24.249354 #27837] DEBUG -- :   [1m[35m (0.5ms)[0m  [1m[35mCOMMIT[0m
D, [2021-05-21T13:22:57.239801 #27967] DEBUG -- :   [1m[35m (0.3ms)[0m  [1m[35mSET  @@SESSION.sql_mode = CONCAT(CONCAT(@@sql_mode, ',STRICT_ALL_TABLES'), ',NO_AUTO_VALUE_ON_ZERO'),  @@SESSION.sql_auto_is_null = 0, @@SESSION.wait_timeout = 2147483[0m
D, [2021-05-21T13:22:57.262035 #27967] DEBUG -- :   [1m[35m (0.5ms)[0m  [1m[34mSELECT `schema_migrations`.`version` FROM `schema_migrations` ORDER BY `schema_migrations`.`version` ASC[0m
D, [2021-05-21T13:22:57.263544 #27967] DEBUG -- :   [1m[35m (0.1ms)[0m  [1m[34mSELECT `schema_migrations`.`version` FROM `schema_migrations` ORDER BY `schema_migrations`.`version` ASC[0m
D, [2021-05-21T13:22:57.451690 #27967] DEBUG -- :   [1m[35m (0.2ms)[0m  [1m[35mSET  @@SESSION.sql_mode = CONCAT(CONCAT(@@sql_mode, ',STRICT_ALL_TABLES'), ',NO_AUTO_VALUE_ON_ZERO'),  @@SESSION.sql_auto_is_null = 0, @@SESSION.wait_timeout = 2147483[0m
D, [2021-05-21T13:22:57.455708 #27967] DEBUG -- :   [1m[36mActiveRecord::InternalMetadata Load (0.5ms)[0m  [1m[34mSELECT `ar_internal_metadata`.* FROM `ar_internal_metadata` WHERE `ar_internal_metadata`.`key` = 'environment' LIMIT 1[0m
D, [2021-05-21T13:22:57.461383 #27967] DEBUG -- :   [1m[35m (0.1ms)[0m  [1m[35mBEGIN[0m
D, [2021-05-21T13:22:57.461642 #27967] DEBUG -- :   [1m[36mActiveRecord::InternalMetadata Create (0.2ms)[0m  [1m[32mINSERT INTO `ar_internal_metadata` (`key`, `value`, `created_at`, `updated_at`) VALUES ('environment', 'production', '2021-05-21 20:22:57.460632', '2021-05-21 20:22:57.460632')[0m
D, [2021-05-21T13:22:57.462193 #27967] DEBUG -- :   [1m[35m (0.4ms)[0m  [1m[35mCOMMIT[0m
D, [2021-05-21T13:22:57.462831 #27967] DEBUG -- :   [1m[36mActiveRecord::InternalMetadata Load (0.2ms)[0m  [1m[34mSELECT `ar_internal_metadata`.* FROM `ar_internal_metadata` WHERE `ar_internal_metadata`.`key` = 'schema_sha1' LIMIT 1[0m
D, [2021-05-21T13:22:57.463401 #27967] DEBUG -- :   [1m[35m (0.1ms)[0m  [1m[35mBEGIN[0m
D, [2021-05-21T13:22:57.463615 #27967] DEBUG -- :   [1m[36mActiveRecord::InternalMetadata Create (0.1ms)[0m  [1m[32mINSERT INTO `ar_internal_metadata` (`key`, `value`, `created_at`, `updated_at`) VALUES ('schema_sha1', '6e68b66f9101541c78a9b809d4a11d5c4200a941', '2021-05-21 20:22:57.463084', '2021-05-21 20:22:57.463084')[0m
D, [2021-05-21T13:22:57.464058 #27967] DEBUG -- :   [1m[35m (0.3ms)[0m  [1m[35mCOMMIT[0m
